2018-02-23 01:57:16  - START SERVER
2018-02-23 01:57:45  - The appearance of client Alex in the system
2018-02-23 01:57:50  - The appearance of agent Luda in the system
2018-02-23 01:57:50  - The beginning of a chat between client Alex and agent Luda
2018-02-23 01:57:59  - The client Alex left the system
2018-02-23 01:57:59  - The end of the chat between client Alex and agent Luda
2018-02-23 01:57:59 Catching
java.io.EOFException: null
	at java.io.DataInputStream.readUnsignedShort(DataInputStream.java:340) ~[?:1.8.0_141]
	at java.io.DataInputStream.readUTF(DataInputStream.java:589) ~[?:1.8.0_141]
	at java.io.DataInputStream.readUTF(DataInputStream.java:564) ~[?:1.8.0_141]
	at controller.ServerThread.clientHandling(ServerThread.java:126) [classes/:?]
	at controller.ServerThread.run(ServerThread.java:112) [classes/:?]
2018-02-23 01:58:08  - The agent Luda left the system
2018-02-23 01:58:08 Catching
java.io.EOFException: null
	at java.io.DataInputStream.readUnsignedShort(DataInputStream.java:340) ~[?:1.8.0_141]
	at java.io.DataInputStream.readUTF(DataInputStream.java:589) ~[?:1.8.0_141]
	at java.io.DataInputStream.readUTF(DataInputStream.java:564) ~[?:1.8.0_141]
	at controller.ServerThread.clientHandling(ServerThread.java:126) [classes/:?]
	at controller.ServerThread.run(ServerThread.java:112) [classes/:?]
2018-02-23 12:10:12  - START SERVER
2018-02-23 12:10:28  - The appearance of client Alex in the system
2018-02-23 12:10:35  - The appearance of agent Luda in the system
2018-02-23 12:10:35  - The beginning of a chat between client Alex and agent Luda
2018-02-23 12:10:56  - The end of the chat between client Alex and agent Luda
2018-02-23 12:10:56  - The beginning of a chat between client Alex and agent Luda
2018-02-23 12:11:17  - The client Alex left the system
2018-02-23 12:11:17  - The end of the chat between client Alex and agent Luda
2018-02-23 12:11:17 Catching
java.io.EOFException: null
	at java.io.DataInputStream.readUnsignedShort(DataInputStream.java:340) ~[?:1.8.0_141]
	at java.io.DataInputStream.readUTF(DataInputStream.java:589) ~[?:1.8.0_141]
	at java.io.DataInputStream.readUTF(DataInputStream.java:564) ~[?:1.8.0_141]
	at controller.ServerThread.clientHandling(ServerThread.java:126) [classes/:?]
	at controller.ServerThread.run(ServerThread.java:112) [classes/:?]
2018-02-23 12:11:28  - The agent Luda left the system
2018-02-23 12:11:28 Catching
java.io.EOFException: null
	at java.io.DataInputStream.readUnsignedShort(DataInputStream.java:340) ~[?:1.8.0_141]
	at java.io.DataInputStream.readUTF(DataInputStream.java:589) ~[?:1.8.0_141]
	at java.io.DataInputStream.readUTF(DataInputStream.java:564) ~[?:1.8.0_141]
	at controller.ServerThread.clientHandling(ServerThread.java:126) [classes/:?]
	at controller.ServerThread.run(ServerThread.java:112) [classes/:?]
2018-02-23 15:47:12  - START SERVER
2018-02-23 15:47:45  - START SERVER
2018-02-23 15:47:58  - The appearance of client Alex in the system
2018-02-23 19:40:28  - The appearance of agent Alex in the system
2018-02-23 19:45:46  - The appearance of client Alex in the system
2018-02-23 19:54:50  - The appearance of client Alex in the system
2018-02-23 20:05:10  - The appearance of client Alex in the system
2018-02-23 20:05:18  - The appearance of client Alex in the system
2018-02-23 20:05:31  - The appearance of client Alex in the system
2018-02-23 20:05:39  - The appearance of agent Alex in the system
2018-02-23 23:20:28  - START SERVER
2018-02-23 23:20:53  - The appearance of client Alex in the system
2018-02-23 23:21:02  - The appearance of agent Luda in the system
2018-02-23 23:21:02  - The beginning of a chat between client Alex and agent Luda
2018-02-23 23:21:15  - The client Alex left the system
2018-02-23 23:21:15  - The end of the chat between client Alex and agent Luda
2018-02-23 23:21:15 Catching
java.net.SocketException: Socket closed
	at java.net.SocketInputStream.socketRead0(Native Method) ~[?:1.8.0_141]
	at java.net.SocketInputStream.socketRead(SocketInputStream.java:116) ~[?:1.8.0_141]
	at java.net.SocketInputStream.read(SocketInputStream.java:171) ~[?:1.8.0_141]
	at java.net.SocketInputStream.read(SocketInputStream.java:141) ~[?:1.8.0_141]
	at java.net.SocketInputStream.read(SocketInputStream.java:224) ~[?:1.8.0_141]
	at java.io.DataInputStream.readUnsignedShort(DataInputStream.java:337) ~[?:1.8.0_141]
	at java.io.DataInputStream.readUTF(DataInputStream.java:589) ~[?:1.8.0_141]
	at java.io.DataInputStream.readUTF(DataInputStream.java:564) ~[?:1.8.0_141]
	at controller.ServerThread.clientHandling(ServerThread.java:137) [classes/:?]
	at controller.ServerThread.run(ServerThread.java:123) [classes/:?]
2018-02-23 23:21:15 Catching
java.net.SocketException: Socket closed
	at java.net.SocketOutputStream.socketWrite(SocketOutputStream.java:118) ~[?:1.8.0_141]
	at java.net.SocketOutputStream.write(SocketOutputStream.java:134) ~[?:1.8.0_141]
	at java.io.DataOutputStream.writeInt(DataOutputStream.java:197) ~[?:1.8.0_141]
	at controller.ServerThread.clientHandling(ServerThread.java:149) [classes/:?]
	at controller.ServerThread.run(ServerThread.java:123) [classes/:?]
2018-02-23 23:21:26 Catching
java.net.SocketException: Connection reset
	at java.net.SocketInputStream.read(SocketInputStream.java:210) ~[?:1.8.0_141]
	at java.net.SocketInputStream.read(SocketInputStream.java:141) ~[?:1.8.0_141]
	at java.net.SocketInputStream.read(SocketInputStream.java:224) ~[?:1.8.0_141]
	at java.io.DataInputStream.readUnsignedShort(DataInputStream.java:337) ~[?:1.8.0_141]
	at java.io.DataInputStream.readUTF(DataInputStream.java:589) ~[?:1.8.0_141]
	at java.io.DataInputStream.readUTF(DataInputStream.java:564) ~[?:1.8.0_141]
	at controller.ServerThread.clientHandling(ServerThread.java:137) [classes/:?]
	at controller.ServerThread.run(ServerThread.java:123) [classes/:?]
2018-02-23 23:23:30  - START SERVER
2018-02-23 23:23:51  - The appearance of client Alex in the system
2018-02-23 23:23:57  - The appearance of agent Luda in the system
2018-02-23 23:23:57  - The beginning of a chat between client Alex and agent Luda
2018-02-23 23:24:08  - The client Alex left the system
2018-02-23 23:24:08  - The end of the chat between client Alex and agent Luda
2018-02-23 23:24:08 Catching
java.net.SocketException: Socket closed
	at java.net.SocketInputStream.socketRead0(Native Method) ~[?:1.8.0_141]
	at java.net.SocketInputStream.socketRead(SocketInputStream.java:116) ~[?:1.8.0_141]
	at java.net.SocketInputStream.read(SocketInputStream.java:171) ~[?:1.8.0_141]
	at java.net.SocketInputStream.read(SocketInputStream.java:141) ~[?:1.8.0_141]
	at java.net.SocketInputStream.read(SocketInputStream.java:224) ~[?:1.8.0_141]
	at java.io.DataInputStream.readUnsignedShort(DataInputStream.java:337) ~[?:1.8.0_141]
	at java.io.DataInputStream.readUTF(DataInputStream.java:589) ~[?:1.8.0_141]
	at java.io.DataInputStream.readUTF(DataInputStream.java:564) ~[?:1.8.0_141]
	at controller.ServerThread.clientHandling(ServerThread.java:137) [classes/:?]
	at controller.ServerThread.run(ServerThread.java:123) [classes/:?]
2018-02-23 23:25:35  - START SERVER
2018-02-23 23:25:53  - The appearance of client Alex in the system
2018-02-23 23:26:01  - The appearance of agent Luda in the system
2018-02-23 23:26:01  - The beginning of a chat between client Alex and agent Luda
2018-02-23 23:26:08  - The client Alex left the system
2018-02-23 23:26:08  - The end of the chat between client Alex and agent Luda
2018-02-23 23:26:08 Catching
java.net.SocketException: Socket closed
	at java.net.SocketInputStream.socketRead0(Native Method) ~[?:1.8.0_141]
	at java.net.SocketInputStream.socketRead(SocketInputStream.java:116) ~[?:1.8.0_141]
	at java.net.SocketInputStream.read(SocketInputStream.java:171) ~[?:1.8.0_141]
	at java.net.SocketInputStream.read(SocketInputStream.java:141) ~[?:1.8.0_141]
	at java.net.SocketInputStream.read(SocketInputStream.java:224) ~[?:1.8.0_141]
	at java.io.DataInputStream.readUnsignedShort(DataInputStream.java:337) ~[?:1.8.0_141]
	at java.io.DataInputStream.readUTF(DataInputStream.java:589) ~[?:1.8.0_141]
	at java.io.DataInputStream.readUTF(DataInputStream.java:564) ~[?:1.8.0_141]
	at controller.ServerThread.clientHandling(ServerThread.java:137) [classes/:?]
	at controller.ServerThread.run(ServerThread.java:123) [classes/:?]
2018-02-23 23:26:08 Catching
java.net.SocketException: socket closed
	at java.net.SocketInputStream.socketRead0(Native Method) ~[?:1.8.0_141]
	at java.net.SocketInputStream.socketRead(SocketInputStream.java:116) ~[?:1.8.0_141]
	at java.net.SocketInputStream.read(SocketInputStream.java:171) ~[?:1.8.0_141]
	at java.net.SocketInputStream.read(SocketInputStream.java:141) ~[?:1.8.0_141]
	at java.net.SocketInputStream.read(SocketInputStream.java:224) ~[?:1.8.0_141]
	at java.io.DataInputStream.readUnsignedShort(DataInputStream.java:337) ~[?:1.8.0_141]
	at java.io.DataInputStream.readUTF(DataInputStream.java:589) ~[?:1.8.0_141]
	at java.io.DataInputStream.readUTF(DataInputStream.java:564) ~[?:1.8.0_141]
	at controller.ServerThread.clientHandling(ServerThread.java:137) [classes/:?]
	at controller.ServerThread.run(ServerThread.java:123) [classes/:?]
2018-02-23 23:28:31  - START SERVER
2018-02-23 23:28:41  - The appearance of client S in the system
2018-02-23 23:28:44  - The client S left the system
2018-02-23 23:28:44 Catching
java.io.EOFException: null
	at java.io.DataInputStream.readUnsignedShort(DataInputStream.java:340) ~[?:1.8.0_141]
	at java.io.DataInputStream.readUTF(DataInputStream.java:589) ~[?:1.8.0_141]
	at java.io.DataInputStream.readUTF(DataInputStream.java:564) ~[?:1.8.0_141]
	at controller.ServerThread.clientHandling(ServerThread.java:126) [classes/:?]
	at controller.ServerThread.run(ServerThread.java:112) [classes/:?]
2018-02-23 23:28:57  - The appearance of client S in the system
2018-02-23 23:29:31 Catching
java.net.SocketException: Connection reset
	at java.net.SocketInputStream.read(SocketInputStream.java:210) ~[?:1.8.0_141]
	at java.net.SocketInputStream.read(SocketInputStream.java:141) ~[?:1.8.0_141]
	at java.net.SocketInputStream.read(SocketInputStream.java:224) ~[?:1.8.0_141]
	at java.io.DataInputStream.readUnsignedShort(DataInputStream.java:337) ~[?:1.8.0_141]
	at java.io.DataInputStream.readUTF(DataInputStream.java:589) ~[?:1.8.0_141]
	at java.io.DataInputStream.readUTF(DataInputStream.java:564) ~[?:1.8.0_141]
	at controller.ServerThread.clientHandling(ServerThread.java:126) [classes/:?]
	at controller.ServerThread.run(ServerThread.java:112) [classes/:?]
2018-02-23 23:29:31  - The client S left the system
2018-02-23 23:29:31 Catching
java.net.SocketException: Connection reset
	at java.net.SocketInputStream.read(SocketInputStream.java:210) ~[?:1.8.0_141]
	at java.net.SocketInputStream.read(SocketInputStream.java:141) ~[?:1.8.0_141]
	at java.net.SocketInputStream.read(SocketInputStream.java:224) ~[?:1.8.0_141]
	at java.io.DataInputStream.readUnsignedShort(DataInputStream.java:337) ~[?:1.8.0_141]
	at java.io.DataInputStream.readUTF(DataInputStream.java:589) ~[?:1.8.0_141]
	at java.io.DataInputStream.readUTF(DataInputStream.java:564) ~[?:1.8.0_141]
	at controller.ServerThread.clientHandling(ServerThread.java:126) [classes/:?]
	at controller.ServerThread.run(ServerThread.java:112) [classes/:?]
2018-02-23 23:29:52  - START SERVER
2018-02-23 23:30:03  - The appearance of client Alex in the system
2018-02-23 23:30:09  - The appearance of agent Luda in the system
2018-02-23 23:30:09  - The beginning of a chat between client Alex and agent Luda
2018-02-23 23:30:23  - The client Alex left the system
2018-02-23 23:30:23  - The end of the chat between client Alex and agent Luda
2018-02-23 23:30:23 Catching
java.io.EOFException: null
	at java.io.DataInputStream.readUnsignedShort(DataInputStream.java:340) ~[?:1.8.0_141]
	at java.io.DataInputStream.readUTF(DataInputStream.java:589) ~[?:1.8.0_141]
	at java.io.DataInputStream.readUTF(DataInputStream.java:564) ~[?:1.8.0_141]
	at controller.ServerThread.clientHandling(ServerThread.java:126) [classes/:?]
	at controller.ServerThread.run(ServerThread.java:112) [classes/:?]
2018-02-23 23:30:26  - The agent Luda left the system
2018-02-23 23:30:26 Catching
java.io.EOFException: null
	at java.io.DataInputStream.readUnsignedShort(DataInputStream.java:340) ~[?:1.8.0_141]
	at java.io.DataInputStream.readUTF(DataInputStream.java:589) ~[?:1.8.0_141]
	at java.io.DataInputStream.readUTF(DataInputStream.java:564) ~[?:1.8.0_141]
	at controller.ServerThread.clientHandling(ServerThread.java:126) [classes/:?]
	at controller.ServerThread.run(ServerThread.java:112) [classes/:?]
